<?xml version="1.0" encoding="UTF-8" ?>
<testsuite errors="0" failures="0" hostname="goorm" name="com.allendowney.thinkdast.MyLinkedListTest" skipped="0" tests="20" time="0.335" timestamp="2021-03-28T14:22:55">
  <properties>
    <property name="java.vendor" value="Oracle Corporation" />
    <property name="sun.java.launcher" value="SUN_STANDARD" />
    <property name="sun.management.compiler" value="HotSpot 64-Bit Tiered Compilers" />
    <property name="os.name" value="Linux" />
    <property name="sun.boot.class.path" value="/usr/lib/jvm/java-8-openjdk-amd64/jre/lib/resources.jar:/usr/lib/jvm/java-8-openjdk-amd64/jre/lib/rt.jar:/usr/lib/jvm/java-8-openjdk-amd64/jre/lib/sunrsasign.jar:/usr/lib/jvm/java-8-openjdk-amd64/jre/lib/jsse.jar:/usr/lib/jvm/java-8-openjdk-amd64/jre/lib/jce.jar:/usr/lib/jvm/java-8-openjdk-amd64/jre/lib/charsets.jar:/usr/lib/jvm/java-8-openjdk-amd64/jre/lib/jfr.jar:/usr/lib/jvm/java-8-openjdk-amd64/jre/classes" />
    <property name="env.PWD" value="/workspace/ThinkDataStructures/code" />
    <property name="env.LANG" value="ko_KR.UTF-8" />
    <property name="java.vm.specification.vendor" value="Oracle Corporation" />
    <property name="ant.home" value="/usr/share/ant" />
    <property name="java.runtime.version" value="1.8.0_111-8u111-b14-3~14.04.1-b14" />
    <property name="user.name" value="root" />
    <property name="env._" value="/usr/bin/ant" />
    <property name="env.USER" value="root" />
    <property name="env.SHELL" value="/bin/bash" />
    <property name="env.SSH_TTY" value="/dev/pts/4" />
    <property name="env.PATH" value="/goormService/gradle/gradle-4.6/bin:/goormService/maven/apache-maven-3.3.9/bin:/usr/local/sbin:/usr/local/bin:/usr/sbin:/usr/bin:/sbin:/bin:/usr/games:/usr/local/games:/goormService/dart-sdk/bin:/goormService/maven/bin:/usr/local/rvm/bin/:/usr/share/clang/scan-build:/usr/local/go/bin:/goormService/dart-sdk/bin:/goormService/maven/bin:/usr/local/rvm/bin/:/usr/share/clang/scan-build:/usr/local/go/bin" />
    <property name="user.language" value="ko" />
    <property name="sun.boot.library.path" value="/usr/lib/jvm/java-8-openjdk-amd64/jre/lib/amd64" />
    <property name="env.SSH_CONNECTION" value="172.17.0.1 36954 172.17.0.15 22" />
    <property name="ant.project.default-target" value="build" />
    <property name="ant.project.name" value="JavaCS" />
    <property name="java.version" value="1.8.0_111" />
    <property name="env.SSH_CLIENT" value="172.17.0.1 36954 22" />
    <property name="user.timezone" value="" />
    <property name="sun.arch.data.model" value="64" />
    <property name="java.endorsed.dirs" value="/usr/lib/jvm/java-8-openjdk-amd64/jre/lib/endorsed" />
    <property name="sun.cpu.isalist" value="" />
    <property name="sun.jnu.encoding" value="UTF-8" />
    <property name="file.encoding.pkg" value="sun.io" />
    <property name="env.SHLVL" value="2" />
    <property name="file.separator" value="/" />
    <property name="java.specification.name" value="Java Platform API Specification" />
    <property name="java.class.version" value="52.0" />
    <property name="user.country" value="KR" />
    <property name="ant.file.JavaCS" value="/workspace/ThinkDataStructures/code/build.xml" />
    <property name="java.home" value="/usr/lib/jvm/java-8-openjdk-amd64/jre" />
    <property name="java.vm.info" value="mixed mode" />
    <property name="env.LOGNAME" value="root" />
    <property name="ant.file" value="/workspace/ThinkDataStructures/code/build.xml" />
    <property name="os.version" value="4.4.0-1124-aws" />
    <property name="path.separator" value=":" />
    <property name="java.vm.version" value="25.111-b14" />
    <property name="env.LANGUAGE" value="ko_KR.UTF-8" />
    <property name="ant.library.dir" value="/usr/share/ant/lib" />
    <property name="junit.output.dir" value="junit" />
    <property name="java.awt.printerjob" value="sun.print.PSPrinterJob" />
    <property name="env.TERM" value="xterm-color" />
    <property name="sun.io.unicode.encoding" value="UnicodeLittle" />
    <property name="awt.toolkit" value="sun.awt.X11.XToolkit" />
    <property name="user.home" value="/root" />
    <property name="target" value="1.7" />
    <property name="env.OLDPWD" value="/workspace/ThinkDataStructures" />
    <property name="java.specification.vendor" value="Oracle Corporation" />
    <property name="java.library.path" value="/usr/java/packages/lib/amd64:/usr/lib/x86_64-linux-gnu/jni:/lib/x86_64-linux-gnu:/usr/lib/x86_64-linux-gnu:/usr/lib/jni:/lib:/usr/lib" />
    <property name="java.vendor.url" value="http://java.oracle.com/" />
    <property name="java.vm.vendor" value="Oracle Corporation" />
    <property name="java.runtime.name" value="OpenJDK Runtime Environment" />
    <property name="sun.java.command" value="org.apache.tools.ant.taskdefs.optional.junit.JUnitTestRunner com.allendowney.thinkdast.MyLinkedListTest skipNonTests=false filtertrace=true haltOnError=false haltOnFailure=false formatter=org.apache.tools.ant.taskdefs.optional.junit.OutErrSummaryJUnitResultFormatter showoutput=false outputtoformatters=true logfailedtests=true logtestlistenerevents=false formatter=org.apache.tools.ant.taskdefs.optional.junit.XMLJUnitResultFormatter,/workspace/ThinkDataStructures/code/junit/TEST-com.allendowney.thinkdast.MyLinkedListTest.xml crashfile=/workspace/ThinkDataStructures/code/junitvmwatcher7958449949317854809.properties propsfile=/workspace/ThinkDataStructures/code/junit5956766718904690009.properties" />
    <property name="java.class.path" value="/workspace/ThinkDataStructures/code/bin:/workspace/ThinkDataStructures/code/lib/jedis-2.8.0.jar:/workspace/ThinkDataStructures/code/lib/jsoup-1.8.3.jar:/workspace/ThinkDataStructures/code/lib/junit-4.12.jar:/workspace/ThinkDataStructures/code/lib/hamcrest-core-1.3.jar:/workspace/ThinkDataStructures/code/lib/jcommon-1.0.23.jar:/workspace/ThinkDataStructures/code/lib/jfreechart-1.0.19.jar:/workspace/ThinkDataStructures/code/lib/servlet.jar:/workspace/ThinkDataStructures/code/lib/ant-junit.jar:/workspace/ThinkDataStructures/code/lib/commons-math3-3.6.jar:/workspace/ThinkDataStructures/code/lib/hamcrest-library-1.3.jar:/usr/share/java/ant-launcher-1.9.3.jar:/usr/share/ant/lib/ant.jar:/usr/share/ant/lib/ant-junit.jar:/usr/share/ant/lib/ant-junit4.jar" />
    <property name="ant.version" value="Apache Ant(TM) version 1.9.3 compiled on July 24 2018" />
    <property name="ant.file.type.JavaCS" value="file" />
    <property name="java.vm.specification.name" value="Java Virtual Machine Specification" />
    <property name="ant.file.type" value="file" />
    <property name="java.vm.specification.version" value="1.8" />
    <property name="sun.cpu.endian" value="little" />
    <property name="sun.os.patch.level" value="unknown" />
    <property name="debuglevel" value="source,lines,vars" />
    <property name="env.HOME" value="/root" />
    <property name="env.LS_COLORS" value="rs=0:di=01;34:ln=01;36:mh=00:pi=40;33:so=01;35:do=01;35:bd=40;33;01:cd=40;33;01:or=40;31;01:su=37;41:sg=30;43:ca=30;41:tw=30;42:ow=34;42:st=37;44:ex=01;32:*.tar=01;31:*.tgz=01;31:*.arj=01;31:*.taz=01;31:*.lzh=01;31:*.lzma=01;31:*.tlz=01;31:*.txz=01;31:*.zip=01;31:*.z=01;31:*.Z=01;31:*.dz=01;31:*.gz=01;31:*.lz=01;31:*.xz=01;31:*.bz2=01;31:*.bz=01;31:*.tbz=01;31:*.tbz2=01;31:*.tz=01;31:*.deb=01;31:*.rpm=01;31:*.jar=01;31:*.war=01;31:*.ear=01;31:*.sar=01;31:*.rar=01;31:*.ace=01;31:*.zoo=01;31:*.cpio=01;31:*.7z=01;31:*.rz=01;31:*.jpg=01;35:*.jpeg=01;35:*.gif=01;35:*.bmp=01;35:*.pbm=01;35:*.pgm=01;35:*.ppm=01;35:*.tga=01;35:*.xbm=01;35:*.xpm=01;35:*.tif=01;35:*.tiff=01;35:*.png=01;35:*.svg=01;35:*.svgz=01;35:*.mng=01;35:*.pcx=01;35:*.mov=01;35:*.mpg=01;35:*.mpeg=01;35:*.m2v=01;35:*.mkv=01;35:*.webm=01;35:*.ogm=01;35:*.mp4=01;35:*.m4v=01;35:*.mp4v=01;35:*.vob=01;35:*.qt=01;35:*.nuv=01;35:*.wmv=01;35:*.asf=01;35:*.rm=01;35:*.rmvb=01;35:*.flc=01;35:*.avi=01;35:*.fli=01;35:*.flv=01;35:*.gl=01;35:*.dl=01;35:*.xcf=01;35:*.xwd=01;35:*.yuv=01;35:*.cgm=01;35:*.emf=01;35:*.axv=01;35:*.anx=01;35:*.ogv=01;35:*.ogx=01;35:*.aac=00;36:*.au=00;36:*.flac=00;36:*.mid=00;36:*.midi=00;36:*.mka=00;36:*.mp3=00;36:*.mpc=00;36:*.ogg=00;36:*.ra=00;36:*.wav=00;36:*.axa=00;36:*.oga=00;36:*.spx=00;36:*.xspf=00;36:" />
    <property name="java.io.tmpdir" value="/tmp" />
    <property name="java.vendor.url.bug" value="http://bugreport.sun.com/bugreport/" />
    <property name="os.arch" value="amd64" />
    <property name="java.awt.graphicsenv" value="sun.awt.X11GraphicsEnvironment" />
    <property name="java.ext.dirs" value="/usr/lib/jvm/java-8-openjdk-amd64/jre/lib/ext:/usr/java/packages/lib/ext" />
    <property name="user.dir" value="/workspace/ThinkDataStructures/code" />
    <property name="line.separator" value="&#xa;" />
    <property name="java.vm.name" value="OpenJDK 64-Bit Server VM" />
    <property name="basedir" value="/workspace/ThinkDataStructures/code" />
    <property name="ant.java.version" value="1.8" />
    <property name="ant.core.lib" value="/usr/share/ant/lib/ant.jar" />
    <property name="source" value="1.7" />
    <property name="file.encoding" value="UTF-8" />
    <property name="env.MAIL" value="/var/mail/root" />
    <property name="java.specification.version" value="1.8" />
    <property name="ant.project.invoked-targets" value="MyLinkedListTest" />
    <property name="env.HISTIGNORE" value="df /" />
  </properties>
  <testcase classname="com.allendowney.thinkdast.MyLinkedListTest" name="testToArray" time="0.07" />
  <testcase classname="com.allendowney.thinkdast.MyLinkedListTest" name="testAddIntT" time="0.001" />
  <testcase classname="com.allendowney.thinkdast.MyLinkedListTest" name="testGet" time="0.0" />
  <testcase classname="com.allendowney.thinkdast.MyLinkedListTest" name="testSet" time="0.001" />
  <testcase classname="com.allendowney.thinkdast.MyLinkedListTest" name="testAddAllCollectionOfQextendsT" time="0.0" />
  <testcase classname="com.allendowney.thinkdast.MyLinkedListTest" name="testClear" time="0.001" />
  <testcase classname="com.allendowney.thinkdast.MyLinkedListTest" name="testAddT" time="0.001" />
  <testcase classname="com.allendowney.thinkdast.MyLinkedListTest" name="testSize" time="0.0" />
  <testcase classname="com.allendowney.thinkdast.MyLinkedListTest" name="testLastIndexOf" time="0.0" />
  <testcase classname="com.allendowney.thinkdast.MyLinkedListTest" name="testContainsAll" time="0.001" />
  <testcase classname="com.allendowney.thinkdast.MyLinkedListTest" name="testRemoveObject" time="0.0" />
  <testcase classname="com.allendowney.thinkdast.MyLinkedListTest" name="testContains" time="0.0" />
  <testcase classname="com.allendowney.thinkdast.MyLinkedListTest" name="testIndexOfNull" time="0.0" />
  <testcase classname="com.allendowney.thinkdast.MyLinkedListTest" name="testIndexOf" time="0.0" />
  <testcase classname="com.allendowney.thinkdast.MyLinkedListTest" name="testMyList" time="0.0" />
  <testcase classname="com.allendowney.thinkdast.MyLinkedListTest" name="testIsEmpty" time="0.001" />
  <testcase classname="com.allendowney.thinkdast.MyLinkedListTest" name="testIterator" time="0.0" />
  <testcase classname="com.allendowney.thinkdast.MyLinkedListTest" name="testRemoveAll" time="0.0" />
  <testcase classname="com.allendowney.thinkdast.MyLinkedListTest" name="testRemoveInt" time="0.0" />
  <testcase classname="com.allendowney.thinkdast.MyLinkedListTest" name="testSubList" time="0.0" />
  <system-out><![CDATA[]]></system-out>
  <system-err><![CDATA[]]></system-err>
</testsuite>
